[INFO] 17:31:30:777 FILE SYSTEM/(15807:15807): El puerto de escucha para las Data Nodes es el: 9001.
[INFO] 17:31:31:50 FILE SYSTEM/(15807:15807): El puerto de escucha para YAMA es el: 10001.
[INFO] 17:31:31:260 FILE SYSTEM/(15807:15807): El puerto de escucha para Workers es el: 8001.
[INFO] 17:31:32:126 FILE SYSTEM/(15807:15807): Existe la Tabla de Directorios.
[INFO] 17:31:32:126 FILE SYSTEM/(15807:15807): Existe la Tabla de Nodos.
[INFO] 17:31:32:787 FILE SYSTEM/(15807:15807): No existe o se ignora estado anterior.
[INFO] 17:31:33:71 FILE SYSTEM/(15807:15807): Se generan las estructuras formateadas.
[INFO] 17:31:33:412 FILE SYSTEM/(15807:15807): La Tabla de Directorios se ha creado formateada.
[INFO] 17:31:33:757 FILE SYSTEM/(15807:15807): La Tabla de Nodos se ha creado formateada.
[INFO] 17:31:34:181 FILE SYSTEM/(15807:15807): El File System pasa a un estado estable.
[TRACE] 17:31:34:977 FILE SYSTEM/(15807:15850): La consola recibe el TID 15850.
[TRACE] 17:31:36:238 FILE SYSTEM/(15807:15807): Esperando conexiones de DataNodes en socket 4...
[TRACE] 17:31:37:741 FILE SYSTEM/(15807:15807): Esperando conexiones de YAMA en socket 5...
[TRACE] 17:31:39:305 FILE SYSTEM/(15807:15807): Esperando conexiones de Workers en socket 7...
[INFO] 17:33:31:77 FILE SYSTEM/(15984:15984): El puerto de escucha para las Data Nodes es el: 9001.
[INFO] 17:33:31:476 FILE SYSTEM/(15984:15984): El puerto de escucha para YAMA es el: 10001.
[INFO] 17:33:36:850 FILE SYSTEM/(15984:15984): El puerto de escucha para Workers es el: 8001.
[INFO] 17:33:38:345 FILE SYSTEM/(15984:15984): Existe la Tabla de Directorios.
[INFO] 17:33:38:345 FILE SYSTEM/(15984:15984): Existe la Tabla de Nodos.
[INFO] 17:33:39:232 FILE SYSTEM/(15984:15984): No existe o se ignora estado anterior.
[INFO] 17:33:39:389 FILE SYSTEM/(15984:15984): Se generan las estructuras formateadas.
[INFO] 17:33:39:631 FILE SYSTEM/(15984:15984): La Tabla de Directorios se ha creado formateada.
[INFO] 17:33:40:13 FILE SYSTEM/(15984:15984): La Tabla de Nodos se ha creado formateada.
[INFO] 17:33:40:421 FILE SYSTEM/(15984:15984): El File System pasa a un estado estable.
[TRACE] 17:33:40:892 FILE SYSTEM/(15984:16028): La consola recibe el TID 16028.
[TRACE] 17:33:43:616 FILE SYSTEM/(15984:15984): Esperando conexiones de DataNodes en socket 4...
[TRACE] 17:33:46:616 FILE SYSTEM/(15984:15984): Esperando conexiones de YAMA en socket 5...
[TRACE] 17:33:48:803 FILE SYSTEM/(15984:15984): Esperando conexiones de Workers en socket 6...
[INFO] 17:34:50:727 FILE SYSTEM/(15984:15984): La ip del datanode es 127.0.0.1

[INFO] 17:39:39:552 FILE SYSTEM/(16332:16332): El puerto de escucha para las Data Nodes es el: 9001.
[INFO] 17:39:39:552 FILE SYSTEM/(16332:16332): El puerto de escucha para YAMA es el: 10001.
[INFO] 17:39:39:552 FILE SYSTEM/(16332:16332): El puerto de escucha para Workers es el: 8001.
[INFO] 17:39:39:552 FILE SYSTEM/(16332:16332): Existe la Tabla de Directorios.
[INFO] 17:39:39:552 FILE SYSTEM/(16332:16332): Existe la Tabla de Nodos.
[INFO] 17:39:39:552 FILE SYSTEM/(16332:16332): No existe o se ignora estado anterior.
[INFO] 17:39:39:552 FILE SYSTEM/(16332:16332): Se generan las estructuras formateadas.
[INFO] 17:39:39:574 FILE SYSTEM/(16332:16332): La Tabla de Directorios se ha creado formateada.
[INFO] 17:39:39:574 FILE SYSTEM/(16332:16332): La Tabla de Nodos se ha creado formateada.
[INFO] 17:39:39:577 FILE SYSTEM/(16332:16332): El File System pasa a un estado estable.
[TRACE] 17:39:39:595 FILE SYSTEM/(16332:16332): Esperando conexiones de DataNodes en socket 1...
[TRACE] 17:39:39:595 FILE SYSTEM/(16332:16332): Esperando conexiones de YAMA en socket 1...
[TRACE] 17:39:39:595 FILE SYSTEM/(16332:16332): Esperando conexiones de Workers en socket 1...
[TRACE] 17:39:39:595 FILE SYSTEM/(16332:16338): La consola recibe el TID 16338.
[INFO] 17:40:09:904 FILE SYSTEM/(16401:16401): El puerto de escucha para las Data Nodes es el: 9001.
[INFO] 17:40:09:904 FILE SYSTEM/(16401:16401): El puerto de escucha para YAMA es el: 10001.
[INFO] 17:40:09:904 FILE SYSTEM/(16401:16401): El puerto de escucha para Workers es el: 8001.
[INFO] 17:40:09:904 FILE SYSTEM/(16401:16401): Existe la Tabla de Directorios.
[INFO] 17:40:09:904 FILE SYSTEM/(16401:16401): Existe la Tabla de Nodos.
[INFO] 17:40:09:904 FILE SYSTEM/(16401:16401): No existe o se ignora estado anterior.
[INFO] 17:40:09:904 FILE SYSTEM/(16401:16401): Se generan las estructuras formateadas.
[INFO] 17:40:09:925 FILE SYSTEM/(16401:16401): La Tabla de Directorios se ha creado formateada.
[INFO] 17:40:09:925 FILE SYSTEM/(16401:16401): La Tabla de Nodos se ha creado formateada.
[INFO] 17:40:09:925 FILE SYSTEM/(16401:16401): El File System pasa a un estado estable.
[TRACE] 17:40:09:983 FILE SYSTEM/(16401:16401): Esperando conexiones de DataNodes en socket 4...
[TRACE] 17:40:09:983 FILE SYSTEM/(16401:16401): Esperando conexiones de YAMA en socket 5...
[TRACE] 17:40:09:983 FILE SYSTEM/(16401:16401): Esperando conexiones de Workers en socket 6...
[TRACE] 17:40:09:983 FILE SYSTEM/(16401:16409): La consola recibe el TID 16409.
[INFO] 18:19:44:804 FILE SYSTEM/(18077:18077): El puerto de escucha para las Data Nodes es el: 9001.
[INFO] 18:19:45:263 FILE SYSTEM/(18077:18077): El puerto de escucha para YAMA es el: 10001.
[INFO] 18:19:45:501 FILE SYSTEM/(18077:18077): El puerto de escucha para Workers es el: 8001.
[INFO] 18:19:46:581 FILE SYSTEM/(18077:18077): Existe la Tabla de Directorios.
[INFO] 18:19:46:581 FILE SYSTEM/(18077:18077): Existe la Tabla de Nodos.
[INFO] 18:19:47:352 FILE SYSTEM/(18077:18077): No existe o se ignora estado anterior.
[INFO] 18:19:47:666 FILE SYSTEM/(18077:18077): Se generan las estructuras formateadas.
[INFO] 18:19:47:880 FILE SYSTEM/(18077:18077): La Tabla de Directorios se ha creado formateada.
[INFO] 18:19:48:228 FILE SYSTEM/(18077:18077): La Tabla de Nodos se ha creado formateada.
[INFO] 18:19:48:593 FILE SYSTEM/(18077:18077): El File System pasa a un estado estable.
[TRACE] 18:19:49:343 FILE SYSTEM/(18077:18120): La consola recibe el TID 18120.
[TRACE] 18:19:50:799 FILE SYSTEM/(18077:18077): Esperando conexiones de DataNodes en socket 4...
[TRACE] 18:19:52:646 FILE SYSTEM/(18077:18077): Esperando conexiones de YAMA en socket 5...
[TRACE] 18:19:54:527 FILE SYSTEM/(18077:18077): Esperando conexiones de Workers en socket 6...
[INFO] 01:32:48:885 FILE SYSTEM/(13816:13816): El puerto de escucha para las Data Nodes es el: 9001.
[INFO] 01:32:49:202 FILE SYSTEM/(13816:13816): El puerto de escucha para YAMA es el: 10001.
[INFO] 01:32:49:460 FILE SYSTEM/(13816:13816): El puerto de escucha para Workers es el: 8001.
[INFO] 01:32:51:40 FILE SYSTEM/(13816:13816): Existe la Tabla de Directorios.
[INFO] 01:32:51:40 FILE SYSTEM/(13816:13816): Existe la Tabla de Nodos.
[INFO] 01:32:55:317 FILE SYSTEM/(13816:13816): Cargando estado anterior...
[INFO] 01:33:03:372 FILE SYSTEM/(13816:13816): Estado anterior cargado correctamente.
[TRACE] 01:33:04:780 FILE SYSTEM/(13816:13896): La consola recibe el TID 13896.
[TRACE] 01:33:08:98 FILE SYSTEM/(13816:13816): Esperando conexiones de DataNodes en socket 5...
[TRACE] 01:33:11:86 FILE SYSTEM/(13816:13816): Esperando conexiones de YAMA en socket 6...
[TRACE] 01:33:14:171 FILE SYSTEM/(13816:13816): Esperando conexiones de Workers en socket 7...
[INFO] 01:34:12:399 FILE SYSTEM/(13816:13816): La IP del nodo es 192.168.0.119
[INFO] 01:34:18:74 FILE SYSTEM/(13816:13816): File System: nuevo DataNode en el socket 8.
[INFO] 01:36:24:107 FILE SYSTEM/(14096:14096): El puerto de escucha para las Data Nodes es el: 9001.
[INFO] 01:36:24:459 FILE SYSTEM/(14096:14096): El puerto de escucha para YAMA es el: 10001.
[INFO] 01:36:24:649 FILE SYSTEM/(14096:14096): El puerto de escucha para Workers es el: 8001.
[INFO] 01:36:25:730 FILE SYSTEM/(14096:14096): Existe la Tabla de Directorios.
[INFO] 01:36:25:730 FILE SYSTEM/(14096:14096): Existe la Tabla de Nodos.
[INFO] 01:36:26:609 FILE SYSTEM/(14096:14096): Cargando estado anterior...
[INFO] 01:36:27:625 FILE SYSTEM/(14096:14096): Estado anterior cargado correctamente.
[TRACE] 01:36:28:636 FILE SYSTEM/(14096:14140): La consola recibe el TID 14140.
[TRACE] 01:36:31:820 FILE SYSTEM/(14096:14096): Esperando conexiones de DataNodes en socket 5...
[TRACE] 01:36:34:842 FILE SYSTEM/(14096:14096): Esperando conexiones de YAMA en socket 6...
[TRACE] 01:36:37:61 FILE SYSTEM/(14096:14096): Esperando conexiones de Workers en socket 7...
[INFO] 01:36:56:946 FILE SYSTEM/(14096:14096): La IP del nodo es 192.168.0.24
[INFO] 01:37:02:897 FILE SYSTEM/(14096:14096): File System: nuevo DataNode en el socket 8.
[INFO] 01:37:48:827 FILE SYSTEM/(14096:14096): Se ha recibido el mensaje DATANODE_CONECTADO desde el socket 8
[INFO] 01:37:53:751 FILE SYSTEM/(14096:14096): El nombre del nodo es NODO2.
[INFO] 01:37:55:244 FILE SYSTEM/(14096:14096): La cantidad de bloques que posee es 10.
[INFO] 01:37:56:801 FILE SYSTEM/(14096:14096): El WORKER de este nodo escuchará conexiones de MASTERs en el puerto 5050.
[INFO] 14:15:50:6 FILE SYSTEM/(6446:6446): El puerto de escucha para las Data Nodes es el: 9001.
[INFO] 14:15:50:7 FILE SYSTEM/(6446:6446): El puerto de escucha para YAMA es el: 10001.
[INFO] 14:15:50:7 FILE SYSTEM/(6446:6446): El puerto de escucha para Workers es el: 8001.
[INFO] 14:15:50:7 FILE SYSTEM/(6446:6446): No existe la Tabla de Directorios.
[INFO] 14:15:50:7 FILE SYSTEM/(6446:6446): No existe la Tabla de Nodos.
[INFO] 14:15:50:7 FILE SYSTEM/(6446:6446): No existe la Tabla de Archivos.
[INFO] 14:15:50:7 FILE SYSTEM/(6446:6446): No existe o se ignora estado anterior.
[INFO] 14:15:50:7 FILE SYSTEM/(6446:6446): Se generan las estructuras formateadas.
[INFO] 14:15:50:9 FILE SYSTEM/(6446:6446): La Tabla de Directorios se ha creado formateada.
[INFO] 14:15:50:9 FILE SYSTEM/(6446:6446): La Tabla de Archivos se ha creado formateada.
[INFO] 14:15:50:9 FILE SYSTEM/(6446:6446): La Tabla de Nodos se ha creado formateada.
[TRACE] 14:15:50:15 FILE SYSTEM/(6446:6446): Esperando conexiones de DataNodes en socket 4...
[TRACE] 14:15:50:15 FILE SYSTEM/(6446:6446): Esperando conexiones de YAMA en socket 5...
[TRACE] 14:15:50:15 FILE SYSTEM/(6446:6446): Esperando conexiones de Workers en socket 6...
[TRACE] 14:15:50:16 FILE SYSTEM/(6446:6479): La consola recibe el TID 6479.
[INFO] 14:15:57:340 FILE SYSTEM/(6446:6446): DataNode desde la IP 127.0.0.1 en el socket 7 solicitando conexión.
[INFO] 14:15:57:340 FILE SYSTEM/(6446:6446): Se ha recibido el mensaje DATANODE_CONECTADO desde el socket 7
[INFO] 14:15:57:340 FILE SYSTEM/(6446:6446): El nombre del nodo es NODO1.
[INFO] 14:15:57:340 FILE SYSTEM/(6446:6446): La cantidad de bloques que posee es 60.
[INFO] 14:15:57:341 FILE SYSTEM/(6446:6446): El WORKER de este nodo escuchará conexiones de MASTERs en el puerto 5050.
[INFO] 14:15:57:341 FILE SYSTEM/(6446:6446): Se ha conectado el DataNode NODO1
[INFO] 14:15:57:341 FILE SYSTEM/(6446:6446): Se acepta la conexión de un nuevo DataNode NODO1 en el socket 7
[INFO] 14:15:57:341 FILE SYSTEM/(6446:6446): Se ha enviado un mensaje de conexión aceptada al nodo NODO1 por el socket 7
[INFO] 14:16:50:306 FILE SYSTEM/(6507:6507): El puerto de escucha para las Data Nodes es el: 9001.
[INFO] 14:16:50:306 FILE SYSTEM/(6507:6507): El puerto de escucha para YAMA es el: 10001.
[INFO] 14:16:50:306 FILE SYSTEM/(6507:6507): El puerto de escucha para Workers es el: 8001.
[INFO] 14:16:50:306 FILE SYSTEM/(6507:6507): Existe la Tabla de Directorios.
[INFO] 14:16:50:306 FILE SYSTEM/(6507:6507): Existe la Tabla de Nodos.
[INFO] 14:16:50:306 FILE SYSTEM/(6507:6507): Existe la Tabla de Archivos.
[INFO] 14:16:50:306 FILE SYSTEM/(6507:6507): Cargando estado anterior...
[ERROR] 14:16:50:307 FILE SYSTEM/(6507:6507): La cantidad de nodos del estado anterior es 1.
[ERROR] 14:16:50:307 FILE SYSTEM/(6507:6507): No se permite esa cantidad de nodos para un estado seguro.
[ERROR] 14:16:50:307 FILE SYSTEM/(6507:6507): Se aborta el proceso de carga de estado anterior.
[INFO] 14:16:50:307 FILE SYSTEM/(6507:6507): El File System iniciará como si no existiera este estado anterior.
[ERROR] 14:16:50:307 FILE SYSTEM/(6507:6507): Error al cargar el estado anterior.
[INFO] 14:16:50:307 FILE SYSTEM/(6507:6507): Se generan las estructuras formateadas.
[INFO] 14:16:50:311 FILE SYSTEM/(6507:6507): La Tabla de Directorios se ha creado formateada.
[INFO] 14:16:50:311 FILE SYSTEM/(6507:6507): La Tabla de Archivos se ha creado formateada.
[INFO] 14:16:50:311 FILE SYSTEM/(6507:6507): La Tabla de Nodos se ha creado formateada.
[TRACE] 14:16:50:318 FILE SYSTEM/(6507:6507): Esperando conexiones de DataNodes en socket 5...
[TRACE] 14:16:50:318 FILE SYSTEM/(6507:6507): Esperando conexiones de YAMA en socket 6...
[TRACE] 14:16:50:318 FILE SYSTEM/(6507:6507): Esperando conexiones de Workers en socket 8...
[TRACE] 14:16:50:318 FILE SYSTEM/(6507:6514): La consola recibe el TID 6514.
[INFO] 14:16:52:791 FILE SYSTEM/(6507:6507): DataNode desde la IP 127.0.0.1 en el socket 9 solicitando conexión.
[INFO] 14:16:52:791 FILE SYSTEM/(6507:6507): Se ha recibido el mensaje DATANODE_CONECTADO desde el socket 9
[INFO] 14:16:52:791 FILE SYSTEM/(6507:6507): El nombre del nodo es NODO1.
[INFO] 14:16:52:791 FILE SYSTEM/(6507:6507): La cantidad de bloques que posee es 60.
[INFO] 14:16:52:791 FILE SYSTEM/(6507:6507): El WORKER de este nodo escuchará conexiones de MASTERs en el puerto 5050.
[INFO] 14:16:52:791 FILE SYSTEM/(6507:6507): Se ha conectado el DataNode NODO1
[INFO] 14:16:52:791 FILE SYSTEM/(6507:6507): Se acepta la conexión de un nuevo DataNode NODO1 en el socket 9
[INFO] 14:16:52:792 FILE SYSTEM/(6507:6507): Se ha enviado un mensaje de conexión aceptada al nodo NODO1 por el socket 9
[TRACE] 14:17:09:652 FILE SYSTEM/(6507:6507): El socket 9 pertenece al DataNode NODO1 en la lista de Clientes.
[INFO] 14:17:09:652 FILE SYSTEM/(6507:6507): Se me desconectó el DataNode NODO1 en el socket 9.
[INFO] 14:17:09:652 FILE SYSTEM/(6507:6507): El nodo NODO1 ha sido eliminado correctamente.
[INFO] 14:18:26:511 FILE SYSTEM/(6546:6546): El puerto de escucha para las Data Nodes es el: 9001.
[INFO] 14:18:26:657 FILE SYSTEM/(6546:6546): El puerto de escucha para YAMA es el: 10001.
[INFO] 14:18:26:859 FILE SYSTEM/(6546:6546): El puerto de escucha para Workers es el: 8001.
[INFO] 14:18:27:374 FILE SYSTEM/(6546:6546): Existe la Tabla de Directorios.
[INFO] 14:18:27:374 FILE SYSTEM/(6546:6546): Existe la Tabla de Nodos.
[INFO] 14:18:27:374 FILE SYSTEM/(6546:6546): Existe la Tabla de Archivos.
[INFO] 14:18:27:653 FILE SYSTEM/(6546:6546): Cargando estado anterior...
[ERROR] 14:18:27:956 FILE SYSTEM/(6546:6546): La cantidad de nodos del estado anterior es 1.
[ERROR] 14:18:27:956 FILE SYSTEM/(6546:6546): No se permite esa cantidad de nodos para un estado seguro.
[ERROR] 14:18:27:956 FILE SYSTEM/(6546:6546): Se aborta el proceso de carga de estado anterior.
[INFO] 14:18:27:956 FILE SYSTEM/(6546:6546): El File System iniciará como si no existiera este estado anterior.
[ERROR] 14:18:28:258 FILE SYSTEM/(6546:6546): Error al cargar el estado anterior.
[INFO] 14:18:28:398 FILE SYSTEM/(6546:6546): Se generan las estructuras formateadas.
[INFO] 14:18:28:535 FILE SYSTEM/(6546:6546): La Tabla de Directorios se ha creado formateada.
[INFO] 14:18:28:680 FILE SYSTEM/(6546:6546): La Tabla de Archivos se ha creado formateada.
[INFO] 14:18:28:952 FILE SYSTEM/(6546:6546): La Tabla de Nodos se ha creado formateada.
[TRACE] 14:18:29:402 FILE SYSTEM/(6546:6592): La consola recibe el TID 6592.
[TRACE] 14:18:30:301 FILE SYSTEM/(6546:6546): Esperando conexiones de DataNodes en socket 5...
[TRACE] 14:18:31:956 FILE SYSTEM/(6546:6546): Esperando conexiones de YAMA en socket 6...
[TRACE] 14:18:33:703 FILE SYSTEM/(6546:6546): Esperando conexiones de Workers en socket 8...
[INFO] 14:18:44:111 FILE SYSTEM/(6546:6546): DataNode desde la IP 127.0.0.1 en el socket 9 solicitando conexión.
[INFO] 14:19:16:282 FILE SYSTEM/(6546:6546): Se ha recibido el mensaje DATANODE_CONECTADO desde el socket 9
[INFO] 14:19:16:282 FILE SYSTEM/(6546:6546): El nombre del nodo es NODO1.
[INFO] 14:19:16:282 FILE SYSTEM/(6546:6546): La cantidad de bloques que posee es 60.
[INFO] 14:19:16:282 FILE SYSTEM/(6546:6546): El WORKER de este nodo escuchará conexiones de MASTERs en el puerto 5050.
[INFO] 14:19:16:282 FILE SYSTEM/(6546:6546): Se ha conectado el DataNode NODO1
[INFO] 14:19:16:283 FILE SYSTEM/(6546:6546): Se acepta la conexión de un nuevo DataNode NODO1 en el socket 9
[INFO] 14:19:16:283 FILE SYSTEM/(6546:6546): Se ha enviado un mensaje de conexión aceptada al nodo NODO1 por el socket 9
[INFO] 04:26:06:667 FILE SYSTEM/(2896:2896): El puerto de escucha para las Data Nodes es el: 9001.
[INFO] 04:26:06:878 FILE SYSTEM/(2896:2896): El puerto de escucha para YAMA es el: 10001.
[INFO] 04:26:07:67 FILE SYSTEM/(2896:2896): El puerto de escucha para Workers es el: 8001.
[ERROR] 04:26:07:687 FILE SYSTEM/(2896:2896): No existe la Tabla de Directorios.
[ERROR] 04:26:07:687 FILE SYSTEM/(2896:2896): No existe la Tabla de Nodos.
[ERROR] 04:26:07:687 FILE SYSTEM/(2896:2896): No existe la Tabla de Archivos.
[INFO] 04:26:08:64 FILE SYSTEM/(2896:2896): No existe o se ignora estado anterior.
[TRACE] 04:26:08:252 FILE SYSTEM/(2896:2896): Se generan las estructuras formateadas.
[INFO] 04:26:08:751 FILE SYSTEM/(2896:2896): La Tabla de Directorios se ha creado formateada.
[INFO] 04:26:08:904 FILE SYSTEM/(2896:2896): La Tabla de Archivos se ha creado formateada.
[INFO] 04:26:09:86 FILE SYSTEM/(2896:2896): La Tabla de Nodos se ha creado formateada.
[TRACE] 04:26:10:388 FILE SYSTEM/(2896:2896): Esperando conexiones de DataNodes en socket 4...
[TRACE] 04:26:11:378 FILE SYSTEM/(2896:2896): Esperando conexiones de YAMA en socket 5...
[TRACE] 04:26:12:582 FILE SYSTEM/(2896:2896): Esperando conexiones de Workers en socket 6...
[INFO] 04:26:39:130 FILE SYSTEM/(2896:2896): Nuevo nodo desde la IP 127.0.0.1 en el socket 7 solicitando conexión.
[INFO] 04:26:50:529 FILE SYSTEM/(2896:2896): Nuevo nodo desde la IP 127.0.0.1 en el socket 8 solicitando conexión.
[INFO] 04:26:50:529 FILE SYSTEM/(2896:2896): Se ha recibido el mensaje DATANODE_CONECTADO desde el socket 7
[INFO] 04:26:50:529 FILE SYSTEM/(2896:2896): El nombre del nodo es NODO1.
[INFO] 04:26:50:529 FILE SYSTEM/(2896:2896): La cantidad de bloques que posee es 150.
[INFO] 04:26:50:529 FILE SYSTEM/(2896:2896): El WORKER de este nodo escuchará conexiones de MASTERs en el puerto 5050.
[INFO] 04:26:50:529 FILE SYSTEM/(2896:2896): Se está intentando conectar el DataNode NODO1
[TRACE] 04:26:50:529 FILE SYSTEM/(2896:2896): Se acepta la conexión de un nuevo nodo NODO1 en el socket 7
[INFO] 04:26:50:530 FILE SYSTEM/(2896:2896): Se ha enviado un mensaje de conexión aceptada al nodo NODO1 por el socket 7
[INFO] 04:26:50:530 FILE SYSTEM/(2896:2896): Se ha recibido el mensaje DATANODE_CONECTADO desde el socket 8
[INFO] 04:26:50:530 FILE SYSTEM/(2896:2896): El nombre del nodo es NODO2.
[INFO] 04:26:50:530 FILE SYSTEM/(2896:2896): La cantidad de bloques que posee es 150.
[INFO] 04:26:50:530 FILE SYSTEM/(2896:2896): El WORKER de este nodo escuchará conexiones de MASTERs en el puerto 5080.
[INFO] 04:26:50:530 FILE SYSTEM/(2896:2896): Se está intentando conectar el DataNode NODO2
[TRACE] 04:26:50:530 FILE SYSTEM/(2896:2896): Se acepta la conexión de un nuevo nodo NODO2 en el socket 8
[INFO] 04:26:50:530 FILE SYSTEM/(2896:2896): Se ha enviado un mensaje de conexión aceptada al nodo NODO2 por el socket 8
[INFO] 04:26:59:93 FILE SYSTEM/(2896:2964): El comando ingresado es 'format'.
[INFO] 04:27:00:421 FILE SYSTEM/(2896:2964): Los Nodos que forman parte del estado seguro son: 
[INFO] 04:27:00:421 FILE SYSTEM/(2896:2964): NODO1
[INFO] 04:27:00:421 FILE SYSTEM/(2896:2964): NODO2
[TRACE] 04:27:00:421 FILE SYSTEM/(2896:2964): El File System pasa a un Estado Seguro.
[INFO] 04:27:12:427 FILE SYSTEM/(2896:2896): Nuevo YAMA solicitando conexión en el socket 9.
[TRACE] 04:27:12:427 FILE SYSTEM/(2896:2896): YAMA se ha conectado correctamente desde el socket 9.
[INFO] 04:27:34:173 FILE SYSTEM/(2896:2964): El comando ingresado es 'cpfrom -t'.
[INFO] 04:27:34:173 FILE SYSTEM/(2896:2964): La cantidad de nodos es suficiente para poder almacenar copias.
[TRACE] 04:27:34:188 FILE SYSTEM/(2896:2964): El archivo ha sido dado de alta en la posición 0 de la Tabla de Archivos correctamente.
[INFO] 04:27:34:188 FILE SYSTEM/(2896:2964): Almacenando archivo /home/utnso/DataSets/nombres-1935-1939.csv...
[INFO] 04:27:34:188 FILE SYSTEM/(2896:2964): El archivo será dividido en 7 bloque(s).
[INFO] 04:27:34:188 FILE SYSTEM/(2896:2964): Se ha encontrado el bloque libre 0 en el nodo NODO1.
[INFO] 04:27:34:188 FILE SYSTEM/(2896:2964): El bloque 0 del archivo será enviado al nodo NODO1.
[TRACE] 04:27:34:233 FILE SYSTEM/(2896:2896): Se recibió OK de SET_BLOQUE.
[TRACE] 04:27:35:193 FILE SYSTEM/(2896:2964): Bloque 0 grabado OK en el nodo NODO1.
[INFO] 04:27:35:193 FILE SYSTEM/(2896:2964): Se han enviado 1 bloque(s). Quedan 6 bloque(s) por enviar.
[INFO] 04:27:35:193 FILE SYSTEM/(2896:2964): Se ha encontrado el bloque libre 0 en el nodo NODO2.
[TRACE] 04:27:35:235 FILE SYSTEM/(2896:2896): Se recibió OK de SET_BLOQUE.
[TRACE] 04:27:36:197 FILE SYSTEM/(2896:2964): Se ha almacenado la copia 1 del bloque 0 en el nodo NODO2.
[INFO] 04:27:36:197 FILE SYSTEM/(2896:2964): Se ha encontrado el bloque libre 1 en el nodo NODO2.
[INFO] 04:27:36:198 FILE SYSTEM/(2896:2964): El bloque 1 del archivo será enviado al nodo NODO2.
[TRACE] 04:27:36:202 FILE SYSTEM/(2896:2896): Se recibió OK de SET_BLOQUE.
[TRACE] 04:27:37:203 FILE SYSTEM/(2896:2964): Bloque 1 grabado OK en el nodo NODO2.
[INFO] 04:27:37:203 FILE SYSTEM/(2896:2964): Se han enviado 2 bloque(s). Quedan 5 bloque(s) por enviar.
[INFO] 04:27:37:203 FILE SYSTEM/(2896:2964): Se ha encontrado el bloque libre 1 en el nodo NODO1.
[TRACE] 04:27:37:208 FILE SYSTEM/(2896:2896): Se recibió OK de SET_BLOQUE.
[TRACE] 04:27:38:206 FILE SYSTEM/(2896:2964): Se ha almacenado la copia 1 del bloque 1 en el nodo NODO1.
[INFO] 04:27:38:206 FILE SYSTEM/(2896:2964): Se ha encontrado el bloque libre 2 en el nodo NODO2.
[INFO] 04:27:38:206 FILE SYSTEM/(2896:2964): El bloque 2 del archivo será enviado al nodo NODO2.
[TRACE] 04:27:38:212 FILE SYSTEM/(2896:2896): Se recibió OK de SET_BLOQUE.
[TRACE] 04:27:39:213 FILE SYSTEM/(2896:2964): Bloque 2 grabado OK en el nodo NODO2.
[INFO] 04:27:39:213 FILE SYSTEM/(2896:2964): Se han enviado 3 bloque(s). Quedan 4 bloque(s) por enviar.
[INFO] 04:27:39:213 FILE SYSTEM/(2896:2964): Se ha encontrado el bloque libre 2 en el nodo NODO1.
[TRACE] 04:27:39:219 FILE SYSTEM/(2896:2896): Se recibió OK de SET_BLOQUE.
[TRACE] 04:27:40:222 FILE SYSTEM/(2896:2964): Se ha almacenado la copia 1 del bloque 2 en el nodo NODO1.
[INFO] 04:27:40:222 FILE SYSTEM/(2896:2964): Se ha encontrado el bloque libre 3 en el nodo NODO2.
[INFO] 04:27:40:223 FILE SYSTEM/(2896:2964): El bloque 3 del archivo será enviado al nodo NODO2.
[TRACE] 04:27:40:228 FILE SYSTEM/(2896:2896): Se recibió OK de SET_BLOQUE.
[TRACE] 04:27:41:230 FILE SYSTEM/(2896:2964): Bloque 3 grabado OK en el nodo NODO2.
[INFO] 04:27:41:230 FILE SYSTEM/(2896:2964): Se han enviado 4 bloque(s). Quedan 3 bloque(s) por enviar.
[INFO] 04:27:41:230 FILE SYSTEM/(2896:2964): Se ha encontrado el bloque libre 3 en el nodo NODO1.
[TRACE] 04:27:41:234 FILE SYSTEM/(2896:2896): Se recibió OK de SET_BLOQUE.
[TRACE] 04:27:42:236 FILE SYSTEM/(2896:2964): Se ha almacenado la copia 1 del bloque 3 en el nodo NODO1.
[INFO] 04:27:42:236 FILE SYSTEM/(2896:2964): Se ha encontrado el bloque libre 4 en el nodo NODO2.
[INFO] 04:27:42:236 FILE SYSTEM/(2896:2964): El bloque 4 del archivo será enviado al nodo NODO2.
[TRACE] 04:27:42:241 FILE SYSTEM/(2896:2896): Se recibió OK de SET_BLOQUE.
[TRACE] 04:27:43:242 FILE SYSTEM/(2896:2964): Bloque 4 grabado OK en el nodo NODO2.
[INFO] 04:27:43:242 FILE SYSTEM/(2896:2964): Se han enviado 5 bloque(s). Quedan 2 bloque(s) por enviar.
[INFO] 04:27:43:242 FILE SYSTEM/(2896:2964): Se ha encontrado el bloque libre 4 en el nodo NODO1.
[TRACE] 04:27:43:247 FILE SYSTEM/(2896:2896): Se recibió OK de SET_BLOQUE.
[TRACE] 04:27:44:246 FILE SYSTEM/(2896:2964): Se ha almacenado la copia 1 del bloque 4 en el nodo NODO1.
[INFO] 04:27:44:246 FILE SYSTEM/(2896:2964): Se ha encontrado el bloque libre 5 en el nodo NODO2.
[INFO] 04:27:44:246 FILE SYSTEM/(2896:2964): El bloque 5 del archivo será enviado al nodo NODO2.
[TRACE] 04:27:44:252 FILE SYSTEM/(2896:2896): Se recibió OK de SET_BLOQUE.
[TRACE] 04:27:45:253 FILE SYSTEM/(2896:2964): Bloque 5 grabado OK en el nodo NODO2.
[INFO] 04:27:45:253 FILE SYSTEM/(2896:2964): Se han enviado 6 bloque(s). Quedan 1 bloque(s) por enviar.
[INFO] 04:27:45:253 FILE SYSTEM/(2896:2964): Se ha encontrado el bloque libre 5 en el nodo NODO1.
[TRACE] 04:27:45:258 FILE SYSTEM/(2896:2896): Se recibió OK de SET_BLOQUE.
[TRACE] 04:27:46:259 FILE SYSTEM/(2896:2964): Se ha almacenado la copia 1 del bloque 5 en el nodo NODO1.
[INFO] 04:27:46:259 FILE SYSTEM/(2896:2964): Se ha encontrado el bloque libre 6 en el nodo NODO2.
[INFO] 04:27:46:259 FILE SYSTEM/(2896:2964): El bloque 6 del archivo será enviado al nodo NODO2.
[TRACE] 04:27:46:262 FILE SYSTEM/(2896:2896): Se recibió OK de SET_BLOQUE.
[TRACE] 04:27:47:263 FILE SYSTEM/(2896:2964): Bloque 6 grabado OK en el nodo NODO2.
[INFO] 04:27:47:263 FILE SYSTEM/(2896:2964): Se han enviado 7 bloque(s). Quedan 0 bloque(s) por enviar.
[INFO] 04:27:47:263 FILE SYSTEM/(2896:2964): Se ha encontrado el bloque libre 6 en el nodo NODO1.
[TRACE] 04:27:47:265 FILE SYSTEM/(2896:2896): Se recibió OK de SET_BLOQUE.
[TRACE] 04:27:48:264 FILE SYSTEM/(2896:2964): Se ha almacenado la copia 1 del bloque 6 en el nodo NODO1.
[TRACE] 04:27:48:265 FILE SYSTEM/(2896:2964): Se ha(n) enviado 14 de 14 bloque(s) para el archivo nombres-1935-1939.csv.
[INFO] 04:29:12:330 FILE SYSTEM/(2896:2896): Se ha recibido el mensaje RUTA_ARCHIVO_A_PROCESAR desde el socket 9
[INFO] 04:29:12:331 FILE SYSTEM/(2896:2896): Se envio el NOMBRE_DE_NODO NODO1 a través del socket 9.
[INFO] 04:29:12:331 FILE SYSTEM/(2896:2896): Se envio la IP_DE_NODO 127.0.0.1 a través del socket 9.
[INFO] 04:29:12:331 FILE SYSTEM/(2896:2896): Se envio el PUERTO_ESCUCHA_MASTER_NODO 5050 a través del socket 9.
[INFO] 04:29:12:331 FILE SYSTEM/(2896:2896): Se envio el BLOQUE_DATABIN 0 a través del socket 9.
[INFO] 04:29:12:331 FILE SYSTEM/(2896:2896): Se enviaron los BYTES_OCUPADOS 1048566 a través del socket 9.
[INFO] 04:29:12:331 FILE SYSTEM/(2896:2896): Se envio el NOMBRE_DE_NODO NODO2 a través del socket 9.
[INFO] 04:29:12:331 FILE SYSTEM/(2896:2896): Se envio la IP_DE_NODO 127.0.0.1 a través del socket 9.
[INFO] 04:29:12:331 FILE SYSTEM/(2896:2896): Se envio el PUERTO_ESCUCHA_MASTER_NODO 5080 a través del socket 9.
[INFO] 04:29:12:331 FILE SYSTEM/(2896:2896): Se envio el BLOQUE_DATABIN 0 a través del socket 9.
[INFO] 04:29:12:331 FILE SYSTEM/(2896:2896): Se enviaron los BYTES_OCUPADOS 1048566 a través del socket 9.
[INFO] 04:29:12:331 FILE SYSTEM/(2896:2896): Se envio el NOMBRE_DE_NODO NODO2 a través del socket 9.
[INFO] 04:29:12:331 FILE SYSTEM/(2896:2896): Se envio la IP_DE_NODO 127.0.0.1 a través del socket 9.
[INFO] 04:29:12:331 FILE SYSTEM/(2896:2896): Se envio el PUERTO_ESCUCHA_MASTER_NODO 5080 a través del socket 9.
[INFO] 04:29:12:331 FILE SYSTEM/(2896:2896): Se envio el BLOQUE_DATABIN 1 a través del socket 9.
[INFO] 04:29:12:331 FILE SYSTEM/(2896:2896): Se enviaron los BYTES_OCUPADOS 1048572 a través del socket 9.
[INFO] 04:29:12:331 FILE SYSTEM/(2896:2896): Se envio el NOMBRE_DE_NODO NODO1 a través del socket 9.
[INFO] 04:29:12:331 FILE SYSTEM/(2896:2896): Se envio la IP_DE_NODO 127.0.0.1 a través del socket 9.
[INFO] 04:29:12:331 FILE SYSTEM/(2896:2896): Se envio el PUERTO_ESCUCHA_MASTER_NODO 5050 a través del socket 9.
[INFO] 04:29:12:331 FILE SYSTEM/(2896:2896): Se envio el BLOQUE_DATABIN 1 a través del socket 9.
[INFO] 04:29:12:331 FILE SYSTEM/(2896:2896): Se enviaron los BYTES_OCUPADOS 1048572 a través del socket 9.
[INFO] 04:29:12:331 FILE SYSTEM/(2896:2896): Se envio el NOMBRE_DE_NODO NODO2 a través del socket 9.
[INFO] 04:29:12:331 FILE SYSTEM/(2896:2896): Se envio la IP_DE_NODO 127.0.0.1 a través del socket 9.
[INFO] 04:29:12:331 FILE SYSTEM/(2896:2896): Se envio el PUERTO_ESCUCHA_MASTER_NODO 5080 a través del socket 9.
[INFO] 04:29:12:331 FILE SYSTEM/(2896:2896): Se envio el BLOQUE_DATABIN 2 a través del socket 9.
[INFO] 04:29:12:331 FILE SYSTEM/(2896:2896): Se enviaron los BYTES_OCUPADOS 1048562 a través del socket 9.
[INFO] 04:29:12:331 FILE SYSTEM/(2896:2896): Se envio el NOMBRE_DE_NODO NODO1 a través del socket 9.
[INFO] 04:29:12:331 FILE SYSTEM/(2896:2896): Se envio la IP_DE_NODO 127.0.0.1 a través del socket 9.
[INFO] 04:29:12:331 FILE SYSTEM/(2896:2896): Se envio el PUERTO_ESCUCHA_MASTER_NODO 5050 a través del socket 9.
[INFO] 04:29:12:331 FILE SYSTEM/(2896:2896): Se envio el BLOQUE_DATABIN 2 a través del socket 9.
[INFO] 04:29:12:331 FILE SYSTEM/(2896:2896): Se enviaron los BYTES_OCUPADOS 1048562 a través del socket 9.
[INFO] 04:29:12:332 FILE SYSTEM/(2896:2896): Se envio el NOMBRE_DE_NODO NODO2 a través del socket 9.
[INFO] 04:29:12:332 FILE SYSTEM/(2896:2896): Se envio la IP_DE_NODO 127.0.0.1 a través del socket 9.
[INFO] 04:29:12:332 FILE SYSTEM/(2896:2896): Se envio el PUERTO_ESCUCHA_MASTER_NODO 5080 a través del socket 9.
[INFO] 04:29:12:332 FILE SYSTEM/(2896:2896): Se envio el BLOQUE_DATABIN 3 a través del socket 9.
[INFO] 04:29:12:332 FILE SYSTEM/(2896:2896): Se enviaron los BYTES_OCUPADOS 1048565 a través del socket 9.
[INFO] 04:29:12:332 FILE SYSTEM/(2896:2896): Se envio el NOMBRE_DE_NODO NODO1 a través del socket 9.
[INFO] 04:29:12:332 FILE SYSTEM/(2896:2896): Se envio la IP_DE_NODO 127.0.0.1 a través del socket 9.
[INFO] 04:29:12:332 FILE SYSTEM/(2896:2896): Se envio el PUERTO_ESCUCHA_MASTER_NODO 5050 a través del socket 9.
[INFO] 04:29:12:332 FILE SYSTEM/(2896:2896): Se envio el BLOQUE_DATABIN 3 a través del socket 9.
[INFO] 04:29:12:332 FILE SYSTEM/(2896:2896): Se enviaron los BYTES_OCUPADOS 1048565 a través del socket 9.
[INFO] 04:29:12:332 FILE SYSTEM/(2896:2896): Se envio el NOMBRE_DE_NODO NODO2 a través del socket 9.
[INFO] 04:29:12:332 FILE SYSTEM/(2896:2896): Se envio la IP_DE_NODO 127.0.0.1 a través del socket 9.
[INFO] 04:29:12:332 FILE SYSTEM/(2896:2896): Se envio el PUERTO_ESCUCHA_MASTER_NODO 5080 a través del socket 9.
[INFO] 04:29:12:332 FILE SYSTEM/(2896:2896): Se envio el BLOQUE_DATABIN 4 a través del socket 9.
[INFO] 04:29:12:332 FILE SYSTEM/(2896:2896): Se enviaron los BYTES_OCUPADOS 1048570 a través del socket 9.
[INFO] 04:29:12:332 FILE SYSTEM/(2896:2896): Se envio el NOMBRE_DE_NODO NODO1 a través del socket 9.
[INFO] 04:29:12:332 FILE SYSTEM/(2896:2896): Se envio la IP_DE_NODO 127.0.0.1 a través del socket 9.
[INFO] 04:29:12:332 FILE SYSTEM/(2896:2896): Se envio el PUERTO_ESCUCHA_MASTER_NODO 5050 a través del socket 9.
[INFO] 04:29:12:332 FILE SYSTEM/(2896:2896): Se envio el BLOQUE_DATABIN 4 a través del socket 9.
[INFO] 04:29:12:332 FILE SYSTEM/(2896:2896): Se enviaron los BYTES_OCUPADOS 1048570 a través del socket 9.
[INFO] 04:29:12:332 FILE SYSTEM/(2896:2896): Se envio el NOMBRE_DE_NODO NODO2 a través del socket 9.
[INFO] 04:29:12:332 FILE SYSTEM/(2896:2896): Se envio la IP_DE_NODO 127.0.0.1 a través del socket 9.
[INFO] 04:29:12:332 FILE SYSTEM/(2896:2896): Se envio el PUERTO_ESCUCHA_MASTER_NODO 5080 a través del socket 9.
[INFO] 04:29:12:332 FILE SYSTEM/(2896:2896): Se envio el BLOQUE_DATABIN 5 a través del socket 9.
[INFO] 04:29:12:332 FILE SYSTEM/(2896:2896): Se enviaron los BYTES_OCUPADOS 1048561 a través del socket 9.
[INFO] 04:29:12:332 FILE SYSTEM/(2896:2896): Se envio el NOMBRE_DE_NODO NODO1 a través del socket 9.
[INFO] 04:29:12:332 FILE SYSTEM/(2896:2896): Se envio la IP_DE_NODO 127.0.0.1 a través del socket 9.
[INFO] 04:29:12:332 FILE SYSTEM/(2896:2896): Se envio el PUERTO_ESCUCHA_MASTER_NODO 5050 a través del socket 9.
[INFO] 04:29:12:332 FILE SYSTEM/(2896:2896): Se envio el BLOQUE_DATABIN 5 a través del socket 9.
[INFO] 04:29:12:332 FILE SYSTEM/(2896:2896): Se enviaron los BYTES_OCUPADOS 1048561 a través del socket 9.
[INFO] 04:29:12:333 FILE SYSTEM/(2896:2896): Se envio el NOMBRE_DE_NODO NODO2 a través del socket 9.
[INFO] 04:29:12:333 FILE SYSTEM/(2896:2896): Se envio la IP_DE_NODO 127.0.0.1 a través del socket 9.
[INFO] 04:29:12:333 FILE SYSTEM/(2896:2896): Se envio el PUERTO_ESCUCHA_MASTER_NODO 5080 a través del socket 9.
[INFO] 04:29:12:333 FILE SYSTEM/(2896:2896): Se envio el BLOQUE_DATABIN 6 a través del socket 9.
[INFO] 04:29:12:333 FILE SYSTEM/(2896:2896): Se enviaron los BYTES_OCUPADOS 424234 a través del socket 9.
[INFO] 04:29:12:333 FILE SYSTEM/(2896:2896): Se envio el NOMBRE_DE_NODO NODO1 a través del socket 9.
[INFO] 04:29:12:333 FILE SYSTEM/(2896:2896): Se envio la IP_DE_NODO 127.0.0.1 a través del socket 9.
[INFO] 04:29:12:333 FILE SYSTEM/(2896:2896): Se envio el PUERTO_ESCUCHA_MASTER_NODO 5050 a través del socket 9.
[INFO] 04:29:12:333 FILE SYSTEM/(2896:2896): Se envio el BLOQUE_DATABIN 6 a través del socket 9.
[INFO] 04:29:12:333 FILE SYSTEM/(2896:2896): Se enviaron los BYTES_OCUPADOS 424234 a través del socket 9.
[TRACE] 04:29:12:333 FILE SYSTEM/(2896:2896): Envié toda la info del archivo a YAMA.
[INFO] 04:29:13:795 FILE SYSTEM/(2896:2896): Nuevo nodo desde la IP 127.0.0.1 en el socket 27 solicitando conexión.
[INFO] 04:29:18:244 FILE SYSTEM/(2896:2896): Se ha recibido el mensaje ALMACENAR ARCHIVO REDUCCION GLOBAL desde el socket 27
[INFO] 04:29:56:28 FILE SYSTEM/(2896:2896): La ruta para guardar el archivo en YAMAFS es '/base/resultado_1935-1939'.
[INFO] 04:31:05:337 FILE SYSTEM/(2896:2896): La cantidad de nodos es suficiente para poder almacenar copias.
[TRACE] 04:31:37:219 FILE SYSTEM/(2896:2896): El archivo ha sido dado de alta en la posición 1 de la Tabla de Archivos correctamente.
[INFO] 04:31:38:40 FILE SYSTEM/(2896:2896): Almacenando archivo /base/resultado_1935-1939...
[INFO] 04:31:38:463 FILE SYSTEM/(2896:2896): El archivo será dividido en 1 bloque(s).
[INFO] 04:36:24:662 FILE SYSTEM/(3323:3323): El puerto de escucha para las Data Nodes es el: 9001.
[INFO] 04:36:24:662 FILE SYSTEM/(3323:3323): El puerto de escucha para YAMA es el: 10001.
[INFO] 04:36:24:662 FILE SYSTEM/(3323:3323): El puerto de escucha para Workers es el: 8001.
[INFO] 04:36:24:662 FILE SYSTEM/(3323:3323): Existe la Tabla de Directorios.
[INFO] 04:36:24:662 FILE SYSTEM/(3323:3323): Existe la Tabla de Nodos.
[INFO] 04:36:24:662 FILE SYSTEM/(3323:3323): Existe la Tabla de Archivos.
[INFO] 04:36:24:662 FILE SYSTEM/(3323:3323): Cargando estado anterior...
[INFO] 04:36:24:662 FILE SYSTEM/(3323:3323): El File System se encuentra en un estado no seguro hasta tanto se conecten los nodos necesarios.
[TRACE] 04:36:24:662 FILE SYSTEM/(3323:3323): Estado anterior cargado correctamente.
[TRACE] 04:36:24:669 FILE SYSTEM/(3323:3323): Esperando conexiones de DataNodes en socket 6...
[TRACE] 04:36:24:669 FILE SYSTEM/(3323:3323): Esperando conexiones de YAMA en socket 9...
[TRACE] 04:36:24:669 FILE SYSTEM/(3323:3323): Esperando conexiones de Workers en socket 10...
[INFO] 04:36:45:254 FILE SYSTEM/(3364:3364): El puerto de escucha para las Data Nodes es el: 9001.
[INFO] 04:36:45:254 FILE SYSTEM/(3364:3364): El puerto de escucha para YAMA es el: 10001.
[INFO] 04:36:45:254 FILE SYSTEM/(3364:3364): El puerto de escucha para Workers es el: 8001.
[TRACE] 04:36:45:254 FILE SYSTEM/(3364:3364): Se ejecuta con parámetro para ignorar estado anterior.
[INFO] 04:36:45:254 FILE SYSTEM/(3364:3364): No existe o se ignora estado anterior.
[TRACE] 04:36:45:254 FILE SYSTEM/(3364:3364): Se generan las estructuras formateadas.
[INFO] 04:36:45:261 FILE SYSTEM/(3364:3364): La Tabla de Directorios se ha creado formateada.
[INFO] 04:36:45:263 FILE SYSTEM/(3364:3364): La Tabla de Archivos se ha creado formateada.
[INFO] 04:36:45:263 FILE SYSTEM/(3364:3364): La Tabla de Nodos se ha creado formateada.
[TRACE] 04:36:45:269 FILE SYSTEM/(3364:3364): Esperando conexiones de DataNodes en socket 4...
[TRACE] 04:36:45:269 FILE SYSTEM/(3364:3364): Esperando conexiones de YAMA en socket 5...
[TRACE] 04:36:45:269 FILE SYSTEM/(3364:3364): Esperando conexiones de Workers en socket 6...
[INFO] 04:38:09:919 FILE SYSTEM/(3432:3432): El puerto de escucha para las Data Nodes es el: 9001.
[INFO] 04:38:09:919 FILE SYSTEM/(3432:3432): El puerto de escucha para YAMA es el: 10001.
[INFO] 04:38:09:919 FILE SYSTEM/(3432:3432): El puerto de escucha para Workers es el: 8001.
[TRACE] 04:38:09:919 FILE SYSTEM/(3432:3432): Se ejecuta con parámetro para ignorar estado anterior.
[INFO] 04:38:09:919 FILE SYSTEM/(3432:3432): No existe o se ignora estado anterior.
[TRACE] 04:38:09:919 FILE SYSTEM/(3432:3432): Se generan las estructuras formateadas.
[INFO] 04:38:09:926 FILE SYSTEM/(3432:3432): La Tabla de Directorios se ha creado formateada.
[INFO] 04:38:09:930 FILE SYSTEM/(3432:3432): La Tabla de Archivos se ha creado formateada.
[INFO] 04:38:09:931 FILE SYSTEM/(3432:3432): La Tabla de Nodos se ha creado formateada.
[TRACE] 04:38:09:940 FILE SYSTEM/(3432:3432): Esperando conexiones de DataNodes en socket 4...
[TRACE] 04:38:09:940 FILE SYSTEM/(3432:3432): Esperando conexiones de YAMA en socket 5...
[TRACE] 04:38:09:940 FILE SYSTEM/(3432:3432): Esperando conexiones de Workers en socket 6...
[INFO] 04:39:04:119 FILE SYSTEM/(3432:3432): Nuevo nodo desde la IP 127.0.0.1 en el socket 7 solicitando conexión.
[INFO] 04:39:04:119 FILE SYSTEM/(3432:3432): Se ha recibido el mensaje DATANODE_CONECTADO desde el socket 7
[INFO] 04:39:04:119 FILE SYSTEM/(3432:3432): El nombre del nodo es NODO1.
[INFO] 04:39:04:119 FILE SYSTEM/(3432:3432): La cantidad de bloques que posee es 150.
[INFO] 04:39:04:119 FILE SYSTEM/(3432:3432): El WORKER de este nodo escuchará conexiones de MASTERs en el puerto 5050.
[INFO] 04:39:04:119 FILE SYSTEM/(3432:3432): Se está intentando conectar el DataNode NODO1
[TRACE] 04:39:04:119 FILE SYSTEM/(3432:3432): Se acepta la conexión de un nuevo nodo NODO1 en el socket 7
[INFO] 04:39:04:119 FILE SYSTEM/(3432:3432): Se ha enviado un mensaje de conexión aceptada al nodo NODO1 por el socket 7
[INFO] 04:39:10:405 FILE SYSTEM/(3432:3432): Nuevo nodo desde la IP 127.0.0.1 en el socket 8 solicitando conexión.
[INFO] 04:39:10:405 FILE SYSTEM/(3432:3432): Se ha recibido el mensaje DATANODE_CONECTADO desde el socket 8
[INFO] 04:39:10:405 FILE SYSTEM/(3432:3432): El nombre del nodo es NODO2.
[INFO] 04:39:10:405 FILE SYSTEM/(3432:3432): La cantidad de bloques que posee es 150.
[INFO] 04:39:10:405 FILE SYSTEM/(3432:3432): El WORKER de este nodo escuchará conexiones de MASTERs en el puerto 5080.
[INFO] 04:39:10:405 FILE SYSTEM/(3432:3432): Se está intentando conectar el DataNode NODO2
[TRACE] 04:39:10:405 FILE SYSTEM/(3432:3432): Se acepta la conexión de un nuevo nodo NODO2 en el socket 8
[INFO] 04:39:10:406 FILE SYSTEM/(3432:3432): Se ha enviado un mensaje de conexión aceptada al nodo NODO2 por el socket 8
[INFO] 04:39:42:35 FILE SYSTEM/(3432:3455): El comando ingresado es 'format'.
[INFO] 04:39:46:694 FILE SYSTEM/(3432:3455): Los Nodos que forman parte del estado seguro son: 
[INFO] 04:39:46:694 FILE SYSTEM/(3432:3455): NODO1
[INFO] 04:39:46:694 FILE SYSTEM/(3432:3455): NODO2
[TRACE] 04:39:46:694 FILE SYSTEM/(3432:3455): El File System pasa a un Estado Seguro.
[INFO] 04:40:00:663 FILE SYSTEM/(3432:3455): El comando ingresado es 'cpfrom -t'.
[INFO] 04:40:00:663 FILE SYSTEM/(3432:3455): La cantidad de nodos es suficiente para poder almacenar copias.
[TRACE] 04:40:00:682 FILE SYSTEM/(3432:3455): El archivo ha sido dado de alta en la posición 0 de la Tabla de Archivos correctamente.
[INFO] 04:40:00:682 FILE SYSTEM/(3432:3455): Almacenando archivo /home/utnso/DataSets/nombres-1925-1929.csv...
[INFO] 04:40:00:682 FILE SYSTEM/(3432:3455): El archivo será dividido en 3 bloque(s).
[INFO] 04:40:00:682 FILE SYSTEM/(3432:3455): Se ha encontrado el bloque libre 0 en el nodo NODO1.
[INFO] 04:40:00:682 FILE SYSTEM/(3432:3455): El bloque 0 del archivo será enviado al nodo NODO1.
[TRACE] 04:40:00:727 FILE SYSTEM/(3432:3432): Se recibió OK de SET_BLOQUE.
[TRACE] 04:40:01:687 FILE SYSTEM/(3432:3455): Bloque 0 grabado OK en el nodo NODO1.
[INFO] 04:40:01:687 FILE SYSTEM/(3432:3455): Se han enviado 1 bloque(s). Quedan 2 bloque(s) por enviar.
[INFO] 04:40:01:688 FILE SYSTEM/(3432:3455): Se ha encontrado el bloque libre 0 en el nodo NODO2.
[TRACE] 04:40:01:692 FILE SYSTEM/(3432:3432): Se recibió OK de SET_BLOQUE.
[TRACE] 04:40:02:691 FILE SYSTEM/(3432:3455): Se ha almacenado la copia 1 del bloque 0 en el nodo NODO2.
[INFO] 04:40:02:691 FILE SYSTEM/(3432:3455): Se ha encontrado el bloque libre 1 en el nodo NODO2.
[INFO] 04:40:02:691 FILE SYSTEM/(3432:3455): El bloque 1 del archivo será enviado al nodo NODO2.
[TRACE] 04:40:02:696 FILE SYSTEM/(3432:3432): Se recibió OK de SET_BLOQUE.
[TRACE] 04:40:03:698 FILE SYSTEM/(3432:3455): Bloque 1 grabado OK en el nodo NODO2.
[INFO] 04:40:03:698 FILE SYSTEM/(3432:3455): Se han enviado 2 bloque(s). Quedan 1 bloque(s) por enviar.
[INFO] 04:40:03:698 FILE SYSTEM/(3432:3455): Se ha encontrado el bloque libre 1 en el nodo NODO1.
[TRACE] 04:40:03:702 FILE SYSTEM/(3432:3432): Se recibió OK de SET_BLOQUE.
[TRACE] 04:40:04:703 FILE SYSTEM/(3432:3455): Se ha almacenado la copia 1 del bloque 1 en el nodo NODO1.
[INFO] 04:40:04:704 FILE SYSTEM/(3432:3455): Se ha encontrado el bloque libre 2 en el nodo NODO2.
[INFO] 04:40:04:704 FILE SYSTEM/(3432:3455): El bloque 2 del archivo será enviado al nodo NODO2.
[TRACE] 04:40:04:707 FILE SYSTEM/(3432:3432): Se recibió OK de SET_BLOQUE.
[TRACE] 04:40:05:708 FILE SYSTEM/(3432:3455): Bloque 2 grabado OK en el nodo NODO2.
[INFO] 04:40:05:708 FILE SYSTEM/(3432:3455): Se han enviado 3 bloque(s). Quedan 0 bloque(s) por enviar.
[INFO] 04:40:05:709 FILE SYSTEM/(3432:3455): Se ha encontrado el bloque libre 2 en el nodo NODO1.
[TRACE] 04:40:05:712 FILE SYSTEM/(3432:3432): Se recibió OK de SET_BLOQUE.
[TRACE] 04:40:06:713 FILE SYSTEM/(3432:3455): Se ha almacenado la copia 1 del bloque 2 en el nodo NODO1.
[TRACE] 04:40:06:713 FILE SYSTEM/(3432:3455): Se ha(n) enviado 6 de 6 bloque(s) para el archivo nombres-1925-1929.csv.
[INFO] 04:40:42:931 FILE SYSTEM/(3432:3432): Nuevo YAMA solicitando conexión en el socket 17.
[TRACE] 04:40:42:931 FILE SYSTEM/(3432:3432): YAMA se ha conectado correctamente desde el socket 17.
[INFO] 04:41:03:992 FILE SYSTEM/(3432:3432): Se ha recibido el mensaje RUTA_ARCHIVO_A_PROCESAR desde el socket 17
[INFO] 04:41:03:992 FILE SYSTEM/(3432:3432): Se envio el NOMBRE_DE_NODO NODO1 a través del socket 17.
[INFO] 04:41:03:992 FILE SYSTEM/(3432:3432): Se envio la IP_DE_NODO 127.0.0.1 a través del socket 17.
[INFO] 04:41:03:992 FILE SYSTEM/(3432:3432): Se envio el PUERTO_ESCUCHA_MASTER_NODO 5050 a través del socket 17.
[INFO] 04:41:03:992 FILE SYSTEM/(3432:3432): Se envio el BLOQUE_DATABIN 0 a través del socket 17.
[INFO] 04:41:03:992 FILE SYSTEM/(3432:3432): Se enviaron los BYTES_OCUPADOS 1048559 a través del socket 17.
[INFO] 04:41:03:992 FILE SYSTEM/(3432:3432): Se envio el NOMBRE_DE_NODO NODO2 a través del socket 17.
[INFO] 04:41:03:992 FILE SYSTEM/(3432:3432): Se envio la IP_DE_NODO 127.0.0.1 a través del socket 17.
[INFO] 04:41:03:992 FILE SYSTEM/(3432:3432): Se envio el PUERTO_ESCUCHA_MASTER_NODO 5080 a través del socket 17.
[INFO] 04:41:03:992 FILE SYSTEM/(3432:3432): Se envio el BLOQUE_DATABIN 0 a través del socket 17.
[INFO] 04:41:03:992 FILE SYSTEM/(3432:3432): Se enviaron los BYTES_OCUPADOS 1048559 a través del socket 17.
[INFO] 04:41:03:992 FILE SYSTEM/(3432:3432): Se envio el NOMBRE_DE_NODO NODO2 a través del socket 17.
[INFO] 04:41:03:992 FILE SYSTEM/(3432:3432): Se envio la IP_DE_NODO 127.0.0.1 a través del socket 17.
[INFO] 04:41:03:993 FILE SYSTEM/(3432:3432): Se envio el PUERTO_ESCUCHA_MASTER_NODO 5080 a través del socket 17.
[INFO] 04:41:03:993 FILE SYSTEM/(3432:3432): Se envio el BLOQUE_DATABIN 1 a través del socket 17.
[INFO] 04:41:03:993 FILE SYSTEM/(3432:3432): Se enviaron los BYTES_OCUPADOS 1048556 a través del socket 17.
[INFO] 04:41:03:993 FILE SYSTEM/(3432:3432): Se envio el NOMBRE_DE_NODO NODO1 a través del socket 17.
[INFO] 04:41:03:993 FILE SYSTEM/(3432:3432): Se envio la IP_DE_NODO 127.0.0.1 a través del socket 17.
[INFO] 04:41:03:993 FILE SYSTEM/(3432:3432): Se envio el PUERTO_ESCUCHA_MASTER_NODO 5050 a través del socket 17.
[INFO] 04:41:03:993 FILE SYSTEM/(3432:3432): Se envio el BLOQUE_DATABIN 1 a través del socket 17.
[INFO] 04:41:03:993 FILE SYSTEM/(3432:3432): Se enviaron los BYTES_OCUPADOS 1048556 a través del socket 17.
[INFO] 04:41:03:993 FILE SYSTEM/(3432:3432): Se envio el NOMBRE_DE_NODO NODO2 a través del socket 17.
[INFO] 04:41:03:993 FILE SYSTEM/(3432:3432): Se envio la IP_DE_NODO 127.0.0.1 a través del socket 17.
[INFO] 04:41:03:993 FILE SYSTEM/(3432:3432): Se envio el PUERTO_ESCUCHA_MASTER_NODO 5080 a través del socket 17.
[INFO] 04:41:03:993 FILE SYSTEM/(3432:3432): Se envio el BLOQUE_DATABIN 2 a través del socket 17.
[INFO] 04:41:03:993 FILE SYSTEM/(3432:3432): Se enviaron los BYTES_OCUPADOS 719630 a través del socket 17.
[INFO] 04:41:03:993 FILE SYSTEM/(3432:3432): Se envio el NOMBRE_DE_NODO NODO1 a través del socket 17.
[INFO] 04:41:03:993 FILE SYSTEM/(3432:3432): Se envio la IP_DE_NODO 127.0.0.1 a través del socket 17.
[INFO] 04:41:03:993 FILE SYSTEM/(3432:3432): Se envio el PUERTO_ESCUCHA_MASTER_NODO 5050 a través del socket 17.
[INFO] 04:41:03:993 FILE SYSTEM/(3432:3432): Se envio el BLOQUE_DATABIN 2 a través del socket 17.
[INFO] 04:41:03:993 FILE SYSTEM/(3432:3432): Se enviaron los BYTES_OCUPADOS 719630 a través del socket 17.
[TRACE] 04:41:03:993 FILE SYSTEM/(3432:3432): Envié toda la info del archivo a YAMA.
[INFO] 04:41:05:703 FILE SYSTEM/(3432:3432): Nuevo nodo desde la IP 127.0.0.1 en el socket 19 solicitando conexión.
[INFO] 04:41:13:498 FILE SYSTEM/(3432:3432): Se ha recibido el mensaje ALMACENAR ARCHIVO REDUCCION GLOBAL desde el socket 19
